System.Windows.Forms.Button
System.Windows.Forms.Button
System.Windows.Forms.Button
Nová zpráva
System.Windows.Forms.Button
Smazat
System.Windows.Forms.Button
Nová zpráva
System.Windows.Forms.Button
Zobrazit
System.Windows.Forms.Button
Smazat

Nový běh aplikace.
System.Windows.Forms.Button
Nová zpráva
System.Windows.Forms.Button
Zobrazit
System.Windows.Forms.Button
Smazat

Nový běh aplikace.
System.Windows.Forms.Button
Nová zpráva
System.Windows.Forms.Button
Zobrazit
System.Windows.Forms.Button
Smazat
UtilitiesDraw.TrialForm

Nový běh aplikace.
System.Windows.Forms.Panel

Nový běh aplikace.
System.Windows.Forms.Panel
X: 69  Y: 30

Nový běh aplikace.
