
Nový běh aplikace.
Method: PanelTrial_MouseMove
System.Windows.Forms.Panel
X: 410  Y: 84

Method: PanelTrial_MouseMove
System.Windows.Forms.Panel
X: 410  Y: 84

Method: PanelTrial_MouseMove
System.Windows.Forms.Panel
X: 410  Y: 84

Method: PanelTrial_MouseMove
System.Windows.Forms.Panel
X: 410  Y: 84

Method: PanelTrial_MouseMove
System.Windows.Forms.Panel
X: 410  Y: 84

Method: PanelTrial_MouseMove
System.Windows.Forms.Panel
X: 201  Y: 1

Method: PanelTrial_MouseMove
System.Windows.Forms.Panel
X: 191  Y: 6

Method: PanelTrial_MouseMove
System.Windows.Forms.Panel
X: 188  Y: 8

Method: PanelTrial_MouseMove
System.Windows.Forms.Panel
X: 185  Y: 10

Method: PanelTrial_MouseMove
System.Windows.Forms.Panel
X: 185  Y: 11

Method: PanelTrial_MouseMove
System.Windows.Forms.Panel
X: 184  Y: 12

Method: PanelTrial_MouseMove
System.Windows.Forms.Panel
X: 183  Y: 12

Method: PanelTrial_MouseMove
System.Windows.Forms.Panel
X: 182  Y: 12

Method: PanelTrial_MouseMove
System.Windows.Forms.Panel
X: 182  Y: 13

Method: PanelTrial_MouseMove
System.Windows.Forms.Panel
X: 181  Y: 13

Method: PanelTrial_MouseMove
System.Windows.Forms.Panel
X: 180  Y: 14

Method: PanelTrial_MouseMove
System.Windows.Forms.Panel
X: 179  Y: 15

Method: PanelTrial_MouseMove
System.Windows.Forms.Panel
X: 178  Y: 16

Method: PanelTrial_MouseMove
System.Windows.Forms.Panel
X: 177  Y: 17

Method: PanelTrial_MouseMove
System.Windows.Forms.Panel
X: 175  Y: 17

Method: PanelTrial_MouseMove
System.Windows.Forms.Panel
X: 175  Y: 18

Method: PanelTrial_MouseMove
System.Windows.Forms.Panel
X: 174  Y: 19

Method: PanelTrial_MouseMove
System.Windows.Forms.Panel
X: 172  Y: 20

Method: PanelTrial_MouseMove
System.Windows.Forms.Panel
X: 170  Y: 21

Method: PanelTrial_MouseMove
System.Windows.Forms.Panel
X: 169  Y: 22

Method: PanelTrial_MouseMove
System.Windows.Forms.Panel
X: 168  Y: 23

Method: PanelTrial_MouseMove
System.Windows.Forms.Panel
X: 166  Y: 25

Method: PanelTrial_MouseMove
System.Windows.Forms.Panel
X: 165  Y: 26

Method: PanelTrial_MouseMove
System.Windows.Forms.Panel
X: 164  Y: 27

Method: PanelTrial_MouseMove
System.Windows.Forms.Panel
X: 162  Y: 28

Method: PanelTrial_MouseMove
System.Windows.Forms.Panel
X: 161  Y: 28

Method: PanelTrial_MouseMove
System.Windows.Forms.Panel
X: 161  Y: 29

Method: PanelTrial_MouseMove
System.Windows.Forms.Panel
X: 159  Y: 31

Method: PanelTrial_MouseMove
System.Windows.Forms.Panel
X: 158  Y: 32

Method: PanelTrial_MouseMove
System.Windows.Forms.Panel
X: 156  Y: 35

Method: PanelTrial_MouseMove
System.Windows.Forms.Panel
X: 154  Y: 36

Method: PanelTrial_MouseMove
System.Windows.Forms.Panel
X: 152  Y: 38

Method: PanelTrial_MouseMove
System.Windows.Forms.Panel
X: 151  Y: 39

Method: PanelTrial_MouseMove
System.Windows.Forms.Panel
X: 150  Y: 40

Method: PanelTrial_MouseMove
System.Windows.Forms.Panel
X: 150  Y: 41

Method: PanelTrial_MouseMove
System.Windows.Forms.Panel
X: 149  Y: 41

Method: PanelTrial_MouseMove
System.Windows.Forms.Panel
X: 149  Y: 42

Method: PanelTrial_MouseMove
System.Windows.Forms.Panel
X: 147  Y: 43

Method: PanelTrial_MouseMove
System.Windows.Forms.Panel
X: 146  Y: 45

Method: PanelTrial_MouseMove
System.Windows.Forms.Panel
X: 143  Y: 48

Method: PanelTrial_MouseMove
System.Windows.Forms.Panel
X: 139  Y: 52

Method: PanelTrial_MouseMove
System.Windows.Forms.Panel
X: 136  Y: 55

Method: PanelTrial_MouseMove
System.Windows.Forms.Panel
X: 134  Y: 57

Method: PanelTrial_MouseMove
System.Windows.Forms.Panel
X: 132  Y: 59

Method: PanelTrial_MouseMove
System.Windows.Forms.Panel
X: 131  Y: 60

Method: PanelTrial_MouseMove
System.Windows.Forms.Panel
X: 130  Y: 61

Method: PanelTrial_MouseMove
System.Windows.Forms.Panel
X: 130  Y: 62

Method: PanelTrial_MouseMove
System.Windows.Forms.Panel
X: 129  Y: 63

Method: PanelTrial_MouseMove
System.Windows.Forms.Panel
X: 129  Y: 64

Method: PanelTrial_MouseMove
System.Windows.Forms.Panel
X: 128  Y: 65

Method: PanelTrial_MouseMove
System.Windows.Forms.Panel
X: 127  Y: 66

Method: PanelTrial_MouseMove
System.Windows.Forms.Panel
X: 126  Y: 66

Method: PanelTrial_MouseDown
System.Windows.Forms.Panel
X: 126  Y: 66

Method: PanelTrial_MouseMove
System.Windows.Forms.Panel
X: 126  Y: 67

Method: PanelTrial_MouseMove
System.Windows.Forms.Panel
X: 127  Y: 69

Method: PanelTrial_MouseMove
System.Windows.Forms.Panel
X: 127  Y: 70

Method: PanelTrial_MouseMove
System.Windows.Forms.Panel
X: 128  Y: 71

Method: PanelTrial_MouseMove
System.Windows.Forms.Panel
X: 128  Y: 72

Method: PanelTrial_MouseMove
System.Windows.Forms.Panel
X: 130  Y: 75

Method: PanelTrial_MouseMove
System.Windows.Forms.Panel
X: 131  Y: 78

Method: PanelTrial_MouseMove
System.Windows.Forms.Panel
X: 132  Y: 83

Method: PanelTrial_MouseMove
System.Windows.Forms.Panel
X: 133  Y: 87

Method: PanelTrial_MouseMove
System.Windows.Forms.Panel
X: 133  Y: 89

Method: PanelTrial_MouseMove
System.Windows.Forms.Panel
X: 133  Y: 92

Method: PanelTrial_MouseMove
System.Windows.Forms.Panel
X: 133  Y: 95

Method: PanelTrial_MouseMove
System.Windows.Forms.Panel
X: 133  Y: 97

Method: PanelTrial_MouseMove
System.Windows.Forms.Panel
X: 134  Y: 100

Method: PanelTrial_MouseMove
System.Windows.Forms.Panel
X: 134  Y: 102

Method: PanelTrial_MouseMove
System.Windows.Forms.Panel
X: 134  Y: 105

Method: PanelTrial_MouseMove
System.Windows.Forms.Panel
X: 134  Y: 107

Method: PanelTrial_MouseMove
System.Windows.Forms.Panel
X: 135  Y: 108

Method: PanelTrial_MouseMove
System.Windows.Forms.Panel
X: 135  Y: 109

Method: PanelTrial_MouseMove
System.Windows.Forms.Panel
X: 135  Y: 110

Method: PanelTrial_MouseMove
System.Windows.Forms.Panel
X: 135  Y: 112

Method: PanelTrial_MouseMove
System.Windows.Forms.Panel
X: 135  Y: 114

Method: PanelTrial_MouseMove
System.Windows.Forms.Panel
X: 136  Y: 115

Method: PanelTrial_MouseMove
System.Windows.Forms.Panel
X: 137  Y: 118

Method: PanelTrial_MouseMove
System.Windows.Forms.Panel
X: 137  Y: 119

Method: PanelTrial_MouseMove
System.Windows.Forms.Panel
X: 137  Y: 120

Method: PanelTrial_MouseMove
System.Windows.Forms.Panel
X: 137  Y: 121

Method: PanelTrial_MouseMove
System.Windows.Forms.Panel
X: 137  Y: 122

Method: PanelTrial_MouseMove
System.Windows.Forms.Panel
X: 138  Y: 123

Method: PanelTrial_MouseMove
System.Windows.Forms.Panel
X: 138  Y: 124

Method: PanelTrial_MouseMove
System.Windows.Forms.Panel
X: 138  Y: 125

Method: PanelTrial_MouseMove
System.Windows.Forms.Panel
X: 140  Y: 127

Method: PanelTrial_MouseMove
System.Windows.Forms.Panel
X: 140  Y: 129

Method: PanelTrial_MouseMove
System.Windows.Forms.Panel
X: 141  Y: 131

Method: PanelTrial_MouseMove
System.Windows.Forms.Panel
X: 141  Y: 132

Method: PanelTrial_MouseMove
System.Windows.Forms.Panel
X: 142  Y: 134

Method: PanelTrial_MouseMove
System.Windows.Forms.Panel
X: 143  Y: 135

Method: PanelTrial_MouseMove
System.Windows.Forms.Panel
X: 143  Y: 136

Method: PanelTrial_MouseMove
System.Windows.Forms.Panel
X: 143  Y: 137

Method: PanelTrial_MouseMove
System.Windows.Forms.Panel
X: 144  Y: 138

Method: PanelTrial_MouseMove
System.Windows.Forms.Panel
X: 144  Y: 139

Method: PanelTrial_MouseMove
System.Windows.Forms.Panel
X: 145  Y: 140

Method: PanelTrial_MouseMove
System.Windows.Forms.Panel
X: 146  Y: 141

Method: PanelTrial_MouseMove
System.Windows.Forms.Panel
X: 146  Y: 143

Method: PanelTrial_MouseMove
System.Windows.Forms.Panel
X: 147  Y: 144

Method: PanelTrial_MouseMove
System.Windows.Forms.Panel
X: 148  Y: 145

Method: PanelTrial_MouseMove
System.Windows.Forms.Panel
X: 148  Y: 146

Method: PanelTrial_MouseMove
System.Windows.Forms.Panel
X: 148  Y: 147

Method: PanelTrial_MouseMove
System.Windows.Forms.Panel
X: 149  Y: 148

Method: PanelTrial_MouseMove
System.Windows.Forms.Panel
X: 150  Y: 149

Method: PanelTrial_MouseMove
System.Windows.Forms.Panel
X: 150  Y: 150

Method: PanelTrial_MouseMove
System.Windows.Forms.Panel
X: 151  Y: 150

Method: PanelTrial_MouseMove
System.Windows.Forms.Panel
X: 151  Y: 151

Method: PanelTrial_MouseMove
System.Windows.Forms.Panel
X: 152  Y: 151

Method: PanelTrial_MouseMove
System.Windows.Forms.Panel
X: 153  Y: 152

Method: PanelTrial_MouseMove
System.Windows.Forms.Panel
X: 154  Y: 154

Method: PanelTrial_MouseMove
System.Windows.Forms.Panel
X: 155  Y: 156

Method: PanelTrial_MouseMove
System.Windows.Forms.Panel
X: 156  Y: 156

Method: PanelTrial_MouseMove
System.Windows.Forms.Panel
X: 156  Y: 157

Method: PanelTrial_MouseMove
System.Windows.Forms.Panel
X: 157  Y: 157

Method: PanelTrial_MouseMove
System.Windows.Forms.Panel
X: 163  Y: 164

Method: PanelTrial_MouseMove
System.Windows.Forms.Panel
X: 164  Y: 165

Method: PanelTrial_MouseMove
System.Windows.Forms.Panel
X: 165  Y: 166

Method: PanelTrial_MouseMove
System.Windows.Forms.Panel
X: 167  Y: 168

Method: PanelTrial_MouseMove
System.Windows.Forms.Panel
X: 170  Y: 170

Method: PanelTrial_MouseMove
System.Windows.Forms.Panel
X: 172  Y: 171

Method: PanelTrial_MouseMove
System.Windows.Forms.Panel
X: 173  Y: 171

Method: PanelTrial_MouseMove
System.Windows.Forms.Panel
X: 174  Y: 171

Method: PanelTrial_MouseMove
System.Windows.Forms.Panel
X: 175  Y: 172

Method: PanelTrial_MouseMove
System.Windows.Forms.Panel
X: 176  Y: 172

Method: PanelTrial_MouseMove
System.Windows.Forms.Panel
X: 177  Y: 173

Method: PanelTrial_MouseMove
System.Windows.Forms.Panel
X: 178  Y: 173

Method: PanelTrial_MouseMove
System.Windows.Forms.Panel
X: 180  Y: 174

Method: PanelTrial_MouseMove
System.Windows.Forms.Panel
X: 180  Y: 175

Method: PanelTrial_MouseMove
System.Windows.Forms.Panel
X: 184  Y: 176

Method: PanelTrial_MouseMove
System.Windows.Forms.Panel
X: 185  Y: 177

Method: PanelTrial_MouseMove
System.Windows.Forms.Panel
X: 189  Y: 178

Method: PanelTrial_MouseMove
System.Windows.Forms.Panel
X: 190  Y: 179

Method: PanelTrial_MouseMove
System.Windows.Forms.Panel
X: 194  Y: 180

Method: PanelTrial_MouseMove
System.Windows.Forms.Panel
X: 196  Y: 180

Method: PanelTrial_MouseMove
System.Windows.Forms.Panel
X: 198  Y: 182

Method: PanelTrial_MouseMove
System.Windows.Forms.Panel
X: 200  Y: 182

Method: PanelTrial_MouseMove
System.Windows.Forms.Panel
X: 201  Y: 182

Method: PanelTrial_MouseMove
System.Windows.Forms.Panel
X: 203  Y: 182

Method: PanelTrial_MouseMove
System.Windows.Forms.Panel
X: 203  Y: 183

Method: PanelTrial_MouseMove
System.Windows.Forms.Panel
X: 205  Y: 183

Method: PanelTrial_MouseMove
System.Windows.Forms.Panel
X: 206  Y: 183

Method: PanelTrial_MouseMove
System.Windows.Forms.Panel
X: 208  Y: 184

Method: PanelTrial_MouseMove
System.Windows.Forms.Panel
X: 209  Y: 184

Method: PanelTrial_MouseMove
System.Windows.Forms.Panel
X: 212  Y: 185

Method: PanelTrial_MouseMove
System.Windows.Forms.Panel
X: 216  Y: 186

Method: PanelTrial_MouseMove
System.Windows.Forms.Panel
X: 218  Y: 187

Method: PanelTrial_MouseMove
System.Windows.Forms.Panel
X: 221  Y: 187

Method: PanelTrial_MouseMove
System.Windows.Forms.Panel
X: 224  Y: 188

Method: PanelTrial_MouseMove
System.Windows.Forms.Panel
X: 225  Y: 188

Method: PanelTrial_MouseMove
System.Windows.Forms.Panel
X: 226  Y: 188

Method: PanelTrial_MouseMove
System.Windows.Forms.Panel
X: 229  Y: 189

Method: PanelTrial_MouseMove
System.Windows.Forms.Panel
X: 230  Y: 189

Method: PanelTrial_MouseMove
System.Windows.Forms.Panel
X: 231  Y: 190

Method: PanelTrial_MouseMove
System.Windows.Forms.Panel
X: 235  Y: 191

Method: PanelTrial_MouseMove
System.Windows.Forms.Panel
X: 237  Y: 192

Method: PanelTrial_MouseMove
System.Windows.Forms.Panel
X: 241  Y: 193

Method: PanelTrial_MouseMove
System.Windows.Forms.Panel
X: 245  Y: 194

Method: PanelTrial_MouseMove
System.Windows.Forms.Panel
X: 246  Y: 195

Method: PanelTrial_MouseMove
System.Windows.Forms.Panel
X: 247  Y: 195

Method: PanelTrial_MouseMove
System.Windows.Forms.Panel
X: 249  Y: 196

Method: PanelTrial_MouseMove
System.Windows.Forms.Panel
X: 252  Y: 197

Method: PanelTrial_MouseMove
System.Windows.Forms.Panel
X: 253  Y: 197

Method: PanelTrial_MouseMove
System.Windows.Forms.Panel
X: 256  Y: 198

Method: PanelTrial_MouseMove
System.Windows.Forms.Panel
X: 257  Y: 198

Method: PanelTrial_MouseMove
System.Windows.Forms.Panel
X: 260  Y: 199

Method: PanelTrial_MouseMove
System.Windows.Forms.Panel
X: 265  Y: 201

Method: PanelTrial_MouseMove
System.Windows.Forms.Panel
X: 267  Y: 202

Method: PanelTrial_MouseMove
System.Windows.Forms.Panel
X: 273  Y: 203

Method: PanelTrial_MouseMove
System.Windows.Forms.Panel
X: 276  Y: 205

Method: PanelTrial_MouseMove
System.Windows.Forms.Panel
X: 279  Y: 206

Method: PanelTrial_MouseMove
System.Windows.Forms.Panel
X: 281  Y: 206

Method: PanelTrial_MouseMove
System.Windows.Forms.Panel
X: 284  Y: 206

Method: PanelTrial_MouseMove
System.Windows.Forms.Panel
X: 285  Y: 207

Method: PanelTrial_MouseMove
System.Windows.Forms.Panel
X: 288  Y: 208

Method: PanelTrial_MouseMove
System.Windows.Forms.Panel
X: 290  Y: 208

Method: PanelTrial_MouseMove
System.Windows.Forms.Panel
X: 293  Y: 209

Method: PanelTrial_MouseMove
System.Windows.Forms.Panel
X: 299  Y: 211

Method: PanelTrial_MouseMove
System.Windows.Forms.Panel
X: 302  Y: 211

Method: PanelTrial_MouseMove
System.Windows.Forms.Panel
X: 305  Y: 213

Method: PanelTrial_MouseMove
System.Windows.Forms.Panel
X: 307  Y: 214

Method: PanelTrial_MouseMove
System.Windows.Forms.Panel
X: 310  Y: 214

Method: PanelTrial_MouseMove
System.Windows.Forms.Panel
X: 311  Y: 215

Method: PanelTrial_MouseMove
System.Windows.Forms.Panel
X: 312  Y: 215

Method: PanelTrial_MouseMove
System.Windows.Forms.Panel
X: 313  Y: 215

Method: PanelTrial_MouseMove
System.Windows.Forms.Panel
X: 314  Y: 215

Method: PanelTrial_MouseMove
System.Windows.Forms.Panel
X: 316  Y: 217

Method: PanelTrial_MouseMove
System.Windows.Forms.Panel
X: 317  Y: 217

Method: PanelTrial_MouseMove
System.Windows.Forms.Panel
X: 318  Y: 217

Method: PanelTrial_MouseMove
System.Windows.Forms.Panel
X: 319  Y: 217

Method: PanelTrial_MouseMove
System.Windows.Forms.Panel
X: 320  Y: 218

Method: PanelTrial_MouseMove
System.Windows.Forms.Panel
X: 321  Y: 218

Method: PanelTrial_MouseMove
System.Windows.Forms.Panel
X: 322  Y: 218

Method: PanelTrial_MouseMove
System.Windows.Forms.Panel
X: 323  Y: 218

Method: PanelTrial_MouseUp
System.Windows.Forms.Panel
X: 323  Y: 218

Method: PanelTrial_MouseMove
System.Windows.Forms.Panel
X: 323  Y: 218

Method: PanelTrial_MouseMove
System.Windows.Forms.Panel
X: 328  Y: 221

Method: PanelTrial_MouseMove
System.Windows.Forms.Panel
X: 331  Y: 222

Method: PanelTrial_MouseMove
System.Windows.Forms.Panel
X: 332  Y: 223

Method: PanelTrial_MouseMove
System.Windows.Forms.Panel
X: 333  Y: 223

Method: PanelTrial_MouseMove
System.Windows.Forms.Panel
X: 334  Y: 223

Method: PanelTrial_MouseMove
System.Windows.Forms.Panel
X: 336  Y: 226

Method: PanelTrial_MouseMove
System.Windows.Forms.Panel
X: 337  Y: 229

Method: PanelTrial_MouseMove
System.Windows.Forms.Panel
X: 339  Y: 230

Method: PanelTrial_MouseMove
System.Windows.Forms.Panel
X: 340  Y: 232

Method: PanelTrial_MouseMove
System.Windows.Forms.Panel
X: 341  Y: 234

Method: PanelTrial_MouseMove
System.Windows.Forms.Panel
X: 343  Y: 236

Method: PanelTrial_MouseMove
System.Windows.Forms.Panel
X: 343  Y: 238

Method: PanelTrial_MouseMove
System.Windows.Forms.Panel
X: 346  Y: 243

Method: PanelTrial_MouseMove
System.Windows.Forms.Panel
X: 346  Y: 245

